<?xml version="1.0" encoding="UTF-8"?>
<testsuites name="ROC_Activity_Sort_202" time="4" tests="1" failures="0" errors="0">
   <testsuite name="ROC_Activity_Sort_202" tests="1" failures="0" errors="0" time="4" timestamp="2019-06-28 12:44:38" hostname="khaja.h - LP-5CD7465GP0.HCLT.CORP.HCL.IN" id="Test Suites/ROC_Activity_Sort_202">
      <properties>
         <property name="deviceName" value=""/>
         <property name="devicePlatform" value=""/>
         <property name="logFolder" value="C:\\Users\\khaja.h\\Katalon Studio\\ADDI_Connect\\Reports\\ROC_Activity_Sort_202\\20190628_124306"/>
         <property name="logFiles" value="C:\\Users\\khaja.h\\Katalon Studio\\ADDI_Connect\\Reports\\ROC_Activity_Sort_202\\20190628_124306\\execution0.log"/>
         <property name="attachments" value=""/>
         <property name="hostName" value="khaja.h - LP-5CD7465GP0.HCLT.CORP.HCL.IN"/>
         <property name="hostAddress" value="172.23.0.1"/>
         <property name="os" value="Windows 10 64bit"/>
         <property name="katalonVersion" value="5.10.1.1"/>
      </properties>
      <testcase name="Test Cases/ROC_Activity_Sort_202/Roc_hogan_connector_activity_Sort_202" classname="Test Cases/ROC_Activity_Sort_202/Roc_hogan_connector_activity_Sort_202" status="PASSED">
         <system-out><![CDATA[2019-06-28 12:44:38 - [TEST_CASE][PASSED] - Test Cases/ROC_Activity_Sort_202/Roc_hogan_connector_activity_Sort_202: Test Cases/ROC_Activity_Sort_202/Roc_hogan_connector_activity_Sort_202

2019-06-28 12:44:39 - [TEST_STEP][PASSED] - response = sendRequest(findTestObject("ROC_Activity_Sort_202/Roc_hogan_connector_activity_Sort_202")): Send request successfully

2019-06-28 12:44:42 - [MESSAGE][INFO] - HAR: C:\Users\khaja.h\Katalon Studio\ADDI_Connect\Reports\ROC_Activity_Sort_202\20190628_124306\requests\main\0.har

2019-06-28 12:44:42 - [MESSAGE][PASSED] - Send request successfully

2019-06-28 12:44:42 - [TEST_STEP][PASSED] - verifyResponseStatusCode(response, 200): Verify response status code successfully

2019-06-28 12:44:42 - [MESSAGE][PASSED] - Verify response status code successfully

2019-06-28 12:44:42 - [TEST_STEP][PASSED] - verifyElementPropertyValue(response, "results[0].resolutions[0].action", "call"): Verify element property value successfully

2019-06-28 12:44:42 - [MESSAGE][PASSED] - Verify element property value successfully

2019-06-28 12:44:42 - [TEST_STEP][PASSED] - verifyElementPropertyValue(response, "results[0].resolutions[0].target.annKeyword", "ActivityID"): Verify element property value successfully

2019-06-28 12:44:42 - [MESSAGE][PASSED] - Verify element property value successfully

2019-06-28 12:44:42 - [TEST_STEP][PASSED] - verifyElementPropertyValue(response, "results[0].resolutions[0].target.read", "true"): Verify element property value successfully

2019-06-28 12:44:42 - [MESSAGE][PASSED] - Verify element property value successfully

2019-06-28 12:44:42 - [TEST_STEP][PASSED] - verifyElementPropertyValue(response, "results[0].resolutions[0].target.annText", "202 RE-SORT MON REC TYPE-80"): Verify element property value successfully

2019-06-28 12:44:42 - [MESSAGE][PASSED] - Verify element property value successfully

2019-06-28 12:44:42 - [TEST_STEP][PASSED] - verifyElementPropertyValue(response, "results[0].resolutions[0].target.value", "0000000202"): Verify element property value successfully

2019-06-28 12:44:42 - [MESSAGE][PASSED] - Verify element property value successfully

2019-06-28 12:44:42 - [TEST_STEP][PASSED] - verifyElementPropertyValue(response, "results[0].resolutions[0].target.resourceType", "SORT"): Verify element property value successfully

2019-06-28 12:44:42 - [MESSAGE][PASSED] - Verify element property value successfully

2019-06-28 12:44:42 - [TEST_STEP][PASSED] - slurper = new groovy.json.JsonSlurper(): null

2019-06-28 12:44:42 - [TEST_STEP][PASSED] - result = slurper.parseText(response.getResponseBodyContent()): null

2019-06-28 12:44:42 - [TEST_STEP][PASSED] - activityid = annText: null

2019-06-28 12:44:42 - [TEST_STEP][PASSED] - str = activityid.split(" "): null

2019-06-28 12:44:42 - [TEST_STEP][PASSED] - activity_ID = str[0]: null

2019-06-28 12:44:42 - [TEST_STEP][PASSED] - println("activity_ID:- " + activity_ID): null

2019-06-28 12:44:42 - [TEST_STEP][PASSED] - activity_id = value: null

2019-06-28 12:44:42 - [TEST_STEP][PASSED] - activity_url = "http://localhost:9090/hogan-connector/activity/0000000" + activity_ID: null

2019-06-28 12:44:42 - [TEST_STEP][PASSED] - println("activity_url is :- " + activity_url): null

2019-06-28 12:44:42 - [TEST_STEP][PASSED] - callTestCase(findTestCase("ROC_Activity_Sort_202/Activity_Controller_Verify_Response_202"), ["URLS":activity_url, "Activity_Id":activity_id], CONTINUE_ON_FAILURE): Call Test Case 'Test Cases/ROC_Activity_Sort_202/Activity_Controller_Verify_Response_202' successfully

2019-06-28 12:44:42 - [TEST_CASE][PASSED] - Test Cases/ROC_Activity_Sort_202/Activity_Controller_Verify_Response_202: Test Cases/ROC_Activity_Sort_202/Activity_Controller_Verify_Response_202

2019-06-28 12:44:43 - [TEST_STEP][PASSED] - response = sendRequest(findTestObject("ROC_Activity_Sort_202/Activity_Controller_Verify_Response_202", ["Activity_URL":URLS])): Send request successfully

2019-06-28 12:44:43 - [MESSAGE][INFO] - HAR: C:\Users\khaja.h\Katalon Studio\ADDI_Connect\Reports\ROC_Activity_Sort_202\20190628_124306\requests\main\1.har

2019-06-28 12:44:43 - [MESSAGE][PASSED] - Send request successfully

2019-06-28 12:44:43 - [TEST_STEP][PASSED] - verifyResponseStatusCode(response, 200): Verify response status code successfully

2019-06-28 12:44:43 - [MESSAGE][PASSED] - Verify response status code successfully

2019-06-28 12:44:43 - [TEST_STEP][PASSED] - verifyElementPropertyValue(response, "[0].activityId", "0000000202"): Verify element property value successfully

2019-06-28 12:44:43 - [MESSAGE][PASSED] - Verify element property value successfully

2019-06-28 12:44:43 - [TEST_STEP][PASSED] - ActivityID = Activity_Id: null

2019-06-28 12:44:43 - [TEST_STEP][PASSED] - slurper = new groovy.json.JsonSlurper(): null

2019-06-28 12:44:43 - [TEST_STEP][PASSED] - result = slurper.parseText(response.getResponseBodyContent()): null

2019-06-28 12:44:43 - [TEST_STEP][PASSED] - Activity_ID = activityId: null

2019-06-28 12:44:43 - [TEST_STEP][PASSED] - dglist = listADG: null

2019-06-28 12:44:43 - [TEST_STEP][PASSED] - println(dglist): null

2019-06-28 12:44:43 - [TEST_STEP][PASSED] - dg = dglist.split(","): null

2019-06-28 12:44:43 - [TEST_STEP][PASSED] - println(dg[3]): null

2019-06-28 12:44:43 - [TEST_STEP][PASSED] - if (Activity_ID.equalsIgnoreCase(ActivityID)): Verify element property value successfully

2019-06-28 12:44:43 - [TEST_STEP][PASSED] - verifyElementPropertyValue(response, "[0].activityType", "SORT"): Verify element property value successfully

2019-06-28 12:44:43 - [MESSAGE][PASSED] - Verify element property value successfully

2019-06-28 12:44:43 - [MESSAGE][PASSED] - Call Test Case 'Test Cases/ROC_Activity_Sort_202/Activity_Controller_Verify_Response_202' successfully]]></system-out>
         <system-err><![CDATA[]]></system-err>
      </testcase>
      <system-out><![CDATA[2019-06-28 12:44:38 - [TEST_SUITE][PASSED] - ROC_Activity_Sort_202: Test Cases/ROC_Activity_Sort_202/Roc_hogan_connector_activity_Sort_202]]></system-out>
      <system-err><![CDATA[]]></system-err>
   </testsuite>
</testsuites>
