<?xml version="1.0" encoding="UTF-8"?>
<testsuites name="ROC_Activity_END_WORK_DUMP_EXCEP" time="4" tests="1" failures="0" errors="0">
   <testsuite name="ROC_Activity_END_WORK_DUMP_EXCEP" tests="1" failures="0" errors="0" time="4" timestamp="2019-06-28 17:55:23" hostname="khaja.h - LP-5CD7465GP0.HCLT.CORP.HCL.IN" id="Test Suites/ROC_Activity_END_WORK_DUMP_EXCEP">
      <properties>
         <property name="deviceName" value=""/>
         <property name="devicePlatform" value=""/>
         <property name="logFolder" value="C:\\Users\\khaja.h\\Katalon Studio\\ADDI_Connect\\Reports\\ROC_Activity_END_WORK_DUMP_EXCEP\\20190628_175425"/>
         <property name="logFiles" value="C:\\Users\\khaja.h\\Katalon Studio\\ADDI_Connect\\Reports\\ROC_Activity_END_WORK_DUMP_EXCEP\\20190628_175425\\execution0.log"/>
         <property name="attachments" value=""/>
         <property name="hostName" value="khaja.h - LP-5CD7465GP0.HCLT.CORP.HCL.IN"/>
         <property name="hostAddress" value="172.23.0.1"/>
         <property name="os" value="Windows 10 64bit"/>
         <property name="katalonVersion" value="5.10.1.1"/>
      </properties>
      <testcase name="Test Cases/ROC_Activity_END_WORK_DUMP_EXCEP/Roc_hogan_connector_activity_END_WORK_DUMP_EXCEP" classname="Test Cases/ROC_Activity_END_WORK_DUMP_EXCEP/Roc_hogan_connector_activity_END_WORK_DUMP_EXCEP" status="PASSED">
         <system-out><![CDATA[2019-06-28 17:55:23 - [TEST_CASE][PASSED] - Test Cases/ROC_Activity_END_WORK_DUMP_EXCEP/Roc_hogan_connector_activity_END_WORK_DUMP_EXCEP: Test Cases/ROC_Activity_END_WORK_DUMP_EXCEP/Roc_hogan_connector_activity_END_WORK_DUMP_EXCEP

2019-06-28 17:55:24 - [TEST_STEP][PASSED] - response = sendRequest(findTestObject("ROC_Activity_END_WORK_DUMP_EXCEP/Roc_hogan_connector_activity_END_WORK_DUMP_EXCEP")): Send request successfully

2019-06-28 17:55:27 - [MESSAGE][INFO] - HAR: C:\Users\khaja.h\Katalon Studio\ADDI_Connect\Reports\ROC_Activity_END_WORK_DUMP_EXCEP\20190628_175425\requests\main\0.har

2019-06-28 17:55:27 - [MESSAGE][PASSED] - Send request successfully

2019-06-28 17:55:27 - [TEST_STEP][PASSED] - verifyResponseStatusCode(response, 200): Verify response status code successfully

2019-06-28 17:55:27 - [MESSAGE][PASSED] - Verify response status code successfully]]></system-out>
         <system-err><![CDATA[]]></system-err>
      </testcase>
      <system-out><![CDATA[2019-06-28 17:55:23 - [TEST_SUITE][PASSED] - ROC_Activity_END_WORK_DUMP_EXCEP: Test Cases/ROC_Activity_END_WORK_DUMP_EXCEP/Roc_hogan_connector_activity_END_WORK_DUMP_EXCEP]]></system-out>
      <system-err><![CDATA[]]></system-err>
   </testsuite>
</testsuites>
