<?xml version="1.0" encoding="UTF-8"?>
<testsuites name="ROC_Activity_DC_105" time="4" tests="1" failures="0" errors="0">
   <testsuite name="ROC_Activity_DC_105" tests="1" failures="0" errors="0" time="4" timestamp="2019-07-03 16:26:49" hostname="khaja.h - 172.23.0.1" id="Test Suites/ROC_Activity_DC_105">
      <properties>
         <property name="deviceName" value=""/>
         <property name="devicePlatform" value=""/>
         <property name="logFolder" value="C:\\Users\\khaja.h\\Katalon Studio\\ADDI_Connect\\Reports\\ROC_Activity_DC_105\\20190703_162553"/>
         <property name="logFiles" value="C:\\Users\\khaja.h\\Katalon Studio\\ADDI_Connect\\Reports\\ROC_Activity_DC_105\\20190703_162553\\execution0.log"/>
         <property name="attachments" value=""/>
         <property name="hostName" value="khaja.h - 172.23.0.1"/>
         <property name="hostAddress" value="172.23.0.1"/>
         <property name="os" value="Windows 10 64bit"/>
         <property name="katalonVersion" value="5.10.1.1"/>
      </properties>
      <testcase name="Test Cases/ROC_Activity_DC_105/Roc_hogan_connector_activity_DC_105" classname="Test Cases/ROC_Activity_DC_105/Roc_hogan_connector_activity_DC_105" status="PASSED">
         <system-out><![CDATA[2019-07-03 16:26:49 - [TEST_CASE][PASSED] - Test Cases/ROC_Activity_DC_105/Roc_hogan_connector_activity_DC_105: Test Cases/ROC_Activity_DC_105/Roc_hogan_connector_activity_DC_105

2019-07-03 16:26:50 - [TEST_STEP][PASSED] - response = sendRequest(findTestObject("ROC_Activity_DC_105/Roc_hogan_connector_activity_DC_105")): Send request successfully

2019-07-03 16:26:53 - [MESSAGE][INFO] - HAR: C:\Users\khaja.h\Katalon Studio\ADDI_Connect\Reports\ROC_Activity_DC_105\20190703_162553\requests\main\0.har

2019-07-03 16:26:54 - [MESSAGE][PASSED] - Send request successfully

2019-07-03 16:26:54 - [TEST_STEP][PASSED] - verifyResponseStatusCode(response, 200): Verify response status code successfully

2019-07-03 16:26:54 - [MESSAGE][PASSED] - Verify response status code successfully]]></system-out>
         <system-err><![CDATA[]]></system-err>
      </testcase>
      <system-out><![CDATA[2019-07-03 16:26:49 - [TEST_SUITE][PASSED] - ROC_Activity_DC_105: Test Cases/ROC_Activity_DC_105/Roc_hogan_connector_activity_DC_105]]></system-out>
      <system-err><![CDATA[]]></system-err>
   </testsuite>
</testsuites>
