<?xml version="1.0" encoding="UTF-8"?>
<testsuites name="ROC_Activity_END_WORK_DUMP_EXCEP" time="5" tests="1" failures="0" errors="0">
   <testsuite name="ROC_Activity_END_WORK_DUMP_EXCEP" tests="1" failures="0" errors="0" time="5" timestamp="2019-07-03 16:27:10" hostname="khaja.h - 172.23.0.1" id="Test Suites/ROC_Activity_END_WORK_DUMP_EXCEP">
      <properties>
         <property name="deviceName" value=""/>
         <property name="devicePlatform" value=""/>
         <property name="logFolder" value="C:\\Users\\khaja.h\\Katalon Studio\\ADDI_Connect\\Reports\\ROC_Activity_END_WORK_DUMP_EXCEP\\20190703_162603"/>
         <property name="logFiles" value="C:\\Users\\khaja.h\\Katalon Studio\\ADDI_Connect\\Reports\\ROC_Activity_END_WORK_DUMP_EXCEP\\20190703_162603\\execution0.log"/>
         <property name="attachments" value=""/>
         <property name="hostName" value="khaja.h - 172.23.0.1"/>
         <property name="hostAddress" value="172.23.0.1"/>
         <property name="os" value="Windows 10 64bit"/>
         <property name="katalonVersion" value="5.10.1.1"/>
      </properties>
      <testcase name="Test Cases/ROC_Activity_END_WORK_DUMP_EXCEP/Roc_hogan_connector_activity_END_WORK_DUMP_EXCEP" classname="Test Cases/ROC_Activity_END_WORK_DUMP_EXCEP/Roc_hogan_connector_activity_END_WORK_DUMP_EXCEP" status="PASSED">
         <system-out><![CDATA[2019-07-03 16:27:11 - [TEST_CASE][PASSED] - Test Cases/ROC_Activity_END_WORK_DUMP_EXCEP/Roc_hogan_connector_activity_END_WORK_DUMP_EXCEP: Test Cases/ROC_Activity_END_WORK_DUMP_EXCEP/Roc_hogan_connector_activity_END_WORK_DUMP_EXCEP

2019-07-03 16:27:12 - [TEST_STEP][PASSED] - response = sendRequest(findTestObject("ROC_Activity_END_WORK_DUMP_EXCEP/Roc_hogan_connector_activity_END_WORK_DUMP_EXCEP")): Send request successfully

2019-07-03 16:27:16 - [MESSAGE][INFO] - HAR: C:\Users\khaja.h\Katalon Studio\ADDI_Connect\Reports\ROC_Activity_END_WORK_DUMP_EXCEP\20190703_162603\requests\main\0.har

2019-07-03 16:27:16 - [MESSAGE][PASSED] - Send request successfully

2019-07-03 16:27:16 - [TEST_STEP][PASSED] - verifyResponseStatusCode(response, 200): Verify response status code successfully

2019-07-03 16:27:16 - [MESSAGE][PASSED] - Verify response status code successfully]]></system-out>
         <system-err><![CDATA[]]></system-err>
      </testcase>
      <system-out><![CDATA[2019-07-03 16:27:10 - [TEST_SUITE][PASSED] - ROC_Activity_END_WORK_DUMP_EXCEP: Test Cases/ROC_Activity_END_WORK_DUMP_EXCEP/Roc_hogan_connector_activity_END_WORK_DUMP_EXCEP]]></system-out>
      <system-err><![CDATA[]]></system-err>
   </testsuite>
</testsuites>
